DEBUG: [2024-10-26 10:46:33,999] p27268 {C:\Program Files\WindowsApps\PythonSoftwareFoundation.Python.3.10_3.10.3056.0_x64__qbz5n2kfra8p0\lib\asyncio\proactor_events.py:630} - Using proactor: IocpProactor
INFO: [2024-10-26 10:46:33,999] p27268 {c:\Users\Maxim\OneDrive\Документы\Project IT python\FasAPI_project\capibara\.env\lib\site-packages\httpx\_client.py:1038} - HTTP Request: POST http://testserver/friends/0/add1 "HTTP/1.1 404 Not Found"
DEBUG: [2024-10-26 10:46:34,166] p27268 {C:\Program Files\WindowsApps\PythonSoftwareFoundation.Python.3.10_3.10.3056.0_x64__qbz5n2kfra8p0\lib\asyncio\proactor_events.py:630} - Using proactor: IocpProactor
INFO: [2024-10-26 10:46:34,169] p27268 {c:\Users\Maxim\OneDrive\Документы\Project IT python\FasAPI_project\capibara\.env\lib\site-packages\httpx\_client.py:1038} - HTTP Request: POST http://testserver/friends/42/add21 "HTTP/1.1 404 Not Found"
DEBUG: [2024-10-26 10:46:34,187] p27268 {C:\Program Files\WindowsApps\PythonSoftwareFoundation.Python.3.10_3.10.3056.0_x64__qbz5n2kfra8p0\lib\asyncio\proactor_events.py:630} - Using proactor: IocpProactor
INFO: [2024-10-26 10:46:34,191] p27268 {c:\Users\Maxim\OneDrive\Документы\Project IT python\FasAPI_project\capibara\.env\lib\site-packages\httpx\_client.py:1038} - HTTP Request: POST http://testserver/friends/0/add0 "HTTP/1.1 404 Not Found"
DEBUG: [2024-10-31 12:53:24,118] p9700 {C:\Program Files\WindowsApps\PythonSoftwareFoundation.Python.3.10_3.10.3056.0_x64__qbz5n2kfra8p0\lib\asyncio\proactor_events.py:630} - Using proactor: IocpProactor
INFO: [2024-10-31 12:53:24,122] p9700 {c:\Users\Maxim\OneDrive\Документы\Project IT python\FasAPI_project\capibara\.env\lib\site-packages\httpx\_client.py:1038} - HTTP Request: POST http://testserver/friends/0/add1 "HTTP/1.1 404 Not Found"
DEBUG: [2024-10-31 12:53:24,250] p9700 {C:\Program Files\WindowsApps\PythonSoftwareFoundation.Python.3.10_3.10.3056.0_x64__qbz5n2kfra8p0\lib\asyncio\proactor_events.py:630} - Using proactor: IocpProactor
INFO: [2024-10-31 12:53:24,253] p9700 {c:\Users\Maxim\OneDrive\Документы\Project IT python\FasAPI_project\capibara\.env\lib\site-packages\httpx\_client.py:1038} - HTTP Request: POST http://testserver/friends/42/add21 "HTTP/1.1 404 Not Found"
DEBUG: [2024-10-31 12:53:24,272] p9700 {C:\Program Files\WindowsApps\PythonSoftwareFoundation.Python.3.10_3.10.3056.0_x64__qbz5n2kfra8p0\lib\asyncio\proactor_events.py:630} - Using proactor: IocpProactor
INFO: [2024-10-31 12:53:24,276] p9700 {c:\Users\Maxim\OneDrive\Документы\Project IT python\FasAPI_project\capibara\.env\lib\site-packages\httpx\_client.py:1038} - HTTP Request: POST http://testserver/friends/0/add0 "HTTP/1.1 404 Not Found"
DEBUG: [2024-10-31 14:15:55,696] p20860 {C:\Program Files\WindowsApps\PythonSoftwareFoundation.Python.3.10_3.10.3056.0_x64__qbz5n2kfra8p0\lib\asyncio\proactor_events.py:630} - Using proactor: IocpProactor
INFO: [2024-10-31 14:15:55,696] p20860 {C:\Users\Maxim\OneDrive\Документы\Project IT python\FasAPI_project\capibara\.env\lib\site-packages\httpx\_client.py:1038} - HTTP Request: POST http://testserver/users "HTTP/1.1 307 Temporary Redirect"
DEBUG: [2024-10-31 14:15:55,696] p20860 {C:\Program Files\WindowsApps\PythonSoftwareFoundation.Python.3.10_3.10.3056.0_x64__qbz5n2kfra8p0\lib\asyncio\proactor_events.py:630} - Using proactor: IocpProactor
INFO: [2024-10-31 14:15:55,704] p20860 {C:\Users\Maxim\OneDrive\Документы\Project IT python\FasAPI_project\capibara\.env\lib\site-packages\httpx\_client.py:1038} - HTTP Request: POST http://testserver/users/ "HTTP/1.1 200 OK"
DEBUG: [2024-10-31 14:17:43,792] p18260 {C:\Program Files\WindowsApps\PythonSoftwareFoundation.Python.3.10_3.10.3056.0_x64__qbz5n2kfra8p0\lib\asyncio\proactor_events.py:630} - Using proactor: IocpProactor
INFO: [2024-10-31 14:17:43,792] p18260 {C:\Users\Maxim\OneDrive\Документы\Project IT python\FasAPI_project\capibara\.env\lib\site-packages\httpx\_client.py:1038} - HTTP Request: POST http://testserver/users "HTTP/1.1 307 Temporary Redirect"
DEBUG: [2024-10-31 14:17:43,805] p18260 {C:\Program Files\WindowsApps\PythonSoftwareFoundation.Python.3.10_3.10.3056.0_x64__qbz5n2kfra8p0\lib\asyncio\proactor_events.py:630} - Using proactor: IocpProactor
INFO: [2024-10-31 14:17:43,806] p18260 {C:\Users\Maxim\OneDrive\Документы\Project IT python\FasAPI_project\capibara\.env\lib\site-packages\httpx\_client.py:1038} - HTTP Request: POST http://testserver/users/ "HTTP/1.1 200 OK"
DEBUG: [2024-10-31 14:20:41,130] p20964 {C:\Program Files\WindowsApps\PythonSoftwareFoundation.Python.3.10_3.10.3056.0_x64__qbz5n2kfra8p0\lib\asyncio\proactor_events.py:630} - Using proactor: IocpProactor
INFO: [2024-10-31 14:20:41,130] p20964 {c:\Users\Maxim\OneDrive\Документы\Project IT python\FasAPI_project\capibara\.env\lib\site-packages\httpx\_client.py:1038} - HTTP Request: POST http://testserver/users "HTTP/1.1 307 Temporary Redirect"
DEBUG: [2024-10-31 14:20:41,130] p20964 {C:\Program Files\WindowsApps\PythonSoftwareFoundation.Python.3.10_3.10.3056.0_x64__qbz5n2kfra8p0\lib\asyncio\proactor_events.py:630} - Using proactor: IocpProactor
INFO: [2024-10-31 14:20:41,144] p20964 {c:\Users\Maxim\OneDrive\Документы\Project IT python\FasAPI_project\capibara\.env\lib\site-packages\httpx\_client.py:1038} - HTTP Request: POST http://testserver/users/ "HTTP/1.1 200 OK"
DEBUG: [2024-10-31 14:22:59,886] p15440 {C:\Program Files\WindowsApps\PythonSoftwareFoundation.Python.3.10_3.10.3056.0_x64__qbz5n2kfra8p0\lib\asyncio\proactor_events.py:630} - Using proactor: IocpProactor
INFO: [2024-10-31 14:22:59,886] p15440 {c:\Users\Maxim\OneDrive\Документы\Project IT python\FasAPI_project\capibara\.env\lib\site-packages\httpx\_client.py:1038} - HTTP Request: POST http://testserver/users "HTTP/1.1 307 Temporary Redirect"
DEBUG: [2024-10-31 14:22:59,886] p15440 {C:\Program Files\WindowsApps\PythonSoftwareFoundation.Python.3.10_3.10.3056.0_x64__qbz5n2kfra8p0\lib\asyncio\proactor_events.py:630} - Using proactor: IocpProactor
INFO: [2024-10-31 14:22:59,898] p15440 {c:\Users\Maxim\OneDrive\Документы\Project IT python\FasAPI_project\capibara\.env\lib\site-packages\httpx\_client.py:1038} - HTTP Request: POST http://testserver/users/ "HTTP/1.1 200 OK"
DEBUG: [2024-11-01 13:05:26,788] p16240 {C:\Program Files\WindowsApps\PythonSoftwareFoundation.Python.3.10_3.10.3056.0_x64__qbz5n2kfra8p0\lib\asyncio\proactor_events.py:630} - Using proactor: IocpProactor
INFO: [2024-11-01 13:05:26,794] p16240 {c:\Users\Maxim\OneDrive\Документы\Project IT python\FasAPI_project\capibara\.env\lib\site-packages\httpx\_client.py:1038} - HTTP Request: POST http://testserver/users "HTTP/1.1 307 Temporary Redirect"
DEBUG: [2024-11-01 13:05:26,794] p16240 {C:\Program Files\WindowsApps\PythonSoftwareFoundation.Python.3.10_3.10.3056.0_x64__qbz5n2kfra8p0\lib\asyncio\proactor_events.py:630} - Using proactor: IocpProactor
INFO: [2024-11-01 13:05:26,802] p16240 {c:\Users\Maxim\OneDrive\Документы\Project IT python\FasAPI_project\capibara\.env\lib\site-packages\httpx\_client.py:1038} - HTTP Request: POST http://testserver/users/ "HTTP/1.1 200 OK"
DEBUG: [2024-11-01 13:06:59,296] p22952 {C:\Program Files\WindowsApps\PythonSoftwareFoundation.Python.3.10_3.10.3056.0_x64__qbz5n2kfra8p0\lib\asyncio\proactor_events.py:630} - Using proactor: IocpProactor
INFO: [2024-11-01 13:06:59,296] p22952 {c:\Users\Maxim\OneDrive\Документы\Project IT python\FasAPI_project\capibara\.env\lib\site-packages\httpx\_client.py:1038} - HTTP Request: POST http://testserver/users "HTTP/1.1 307 Temporary Redirect"
DEBUG: [2024-11-01 13:06:59,296] p22952 {C:\Program Files\WindowsApps\PythonSoftwareFoundation.Python.3.10_3.10.3056.0_x64__qbz5n2kfra8p0\lib\asyncio\proactor_events.py:630} - Using proactor: IocpProactor
INFO: [2024-11-01 13:06:59,309] p22952 {c:\Users\Maxim\OneDrive\Документы\Project IT python\FasAPI_project\capibara\.env\lib\site-packages\httpx\_client.py:1038} - HTTP Request: POST http://testserver/users/ "HTTP/1.1 200 OK"
DEBUG: [2024-11-01 13:28:23,289] p10984 {C:\Program Files\WindowsApps\PythonSoftwareFoundation.Python.3.10_3.10.3056.0_x64__qbz5n2kfra8p0\lib\asyncio\proactor_events.py:630} - Using proactor: IocpProactor
INFO: [2024-11-01 13:28:23,303] p10984 {c:\Users\Maxim\OneDrive\Документы\Project IT python\FasAPI_project\capibara\.env\lib\site-packages\httpx\_client.py:1038} - HTTP Request: POST http://testserver/users "HTTP/1.1 307 Temporary Redirect"
DEBUG: [2024-11-01 13:28:23,303] p10984 {C:\Program Files\WindowsApps\PythonSoftwareFoundation.Python.3.10_3.10.3056.0_x64__qbz5n2kfra8p0\lib\asyncio\proactor_events.py:630} - Using proactor: IocpProactor
INFO: [2024-11-01 13:28:23,315] p10984 {c:\Users\Maxim\OneDrive\Документы\Project IT python\FasAPI_project\capibara\.env\lib\site-packages\httpx\_client.py:1038} - HTTP Request: POST http://testserver/users/ "HTTP/1.1 200 OK"
DEBUG: [2024-11-01 13:28:53,445] p18676 {C:\Program Files\WindowsApps\PythonSoftwareFoundation.Python.3.10_3.10.3056.0_x64__qbz5n2kfra8p0\lib\asyncio\proactor_events.py:630} - Using proactor: IocpProactor
INFO: [2024-11-01 13:28:53,449] p18676 {c:\Users\Maxim\OneDrive\Документы\Project IT python\FasAPI_project\capibara\.env\lib\site-packages\httpx\_client.py:1038} - HTTP Request: POST http://testserver/users "HTTP/1.1 307 Temporary Redirect"
DEBUG: [2024-11-01 13:28:53,449] p18676 {C:\Program Files\WindowsApps\PythonSoftwareFoundation.Python.3.10_3.10.3056.0_x64__qbz5n2kfra8p0\lib\asyncio\proactor_events.py:630} - Using proactor: IocpProactor
INFO: [2024-11-01 13:28:53,459] p18676 {c:\Users\Maxim\OneDrive\Документы\Project IT python\FasAPI_project\capibara\.env\lib\site-packages\httpx\_client.py:1038} - HTTP Request: POST http://testserver/users/ "HTTP/1.1 200 OK"
DEBUG: [2024-11-01 13:29:22,499] p16048 {C:\Program Files\WindowsApps\PythonSoftwareFoundation.Python.3.10_3.10.3056.0_x64__qbz5n2kfra8p0\lib\asyncio\proactor_events.py:630} - Using proactor: IocpProactor
INFO: [2024-11-01 13:29:22,499] p16048 {c:\Users\Maxim\OneDrive\Документы\Project IT python\FasAPI_project\capibara\.env\lib\site-packages\httpx\_client.py:1038} - HTTP Request: POST http://testserver/users "HTTP/1.1 307 Temporary Redirect"
DEBUG: [2024-11-01 13:29:22,507] p16048 {C:\Program Files\WindowsApps\PythonSoftwareFoundation.Python.3.10_3.10.3056.0_x64__qbz5n2kfra8p0\lib\asyncio\proactor_events.py:630} - Using proactor: IocpProactor
INFO: [2024-11-01 13:29:22,513] p16048 {c:\Users\Maxim\OneDrive\Документы\Project IT python\FasAPI_project\capibara\.env\lib\site-packages\httpx\_client.py:1038} - HTTP Request: POST http://testserver/users/ "HTTP/1.1 200 OK"
DEBUG: [2024-11-01 13:30:33,948] p22968 {C:\Program Files\WindowsApps\PythonSoftwareFoundation.Python.3.10_3.10.3056.0_x64__qbz5n2kfra8p0\lib\asyncio\proactor_events.py:630} - Using proactor: IocpProactor
INFO: [2024-11-01 13:30:33,953] p22968 {c:\Users\Maxim\OneDrive\Документы\Project IT python\FasAPI_project\capibara\.env\lib\site-packages\httpx\_client.py:1038} - HTTP Request: POST http://testserver/users "HTTP/1.1 307 Temporary Redirect"
DEBUG: [2024-11-01 13:30:33,953] p22968 {C:\Program Files\WindowsApps\PythonSoftwareFoundation.Python.3.10_3.10.3056.0_x64__qbz5n2kfra8p0\lib\asyncio\proactor_events.py:630} - Using proactor: IocpProactor
INFO: [2024-11-01 13:30:33,961] p22968 {c:\Users\Maxim\OneDrive\Документы\Project IT python\FasAPI_project\capibara\.env\lib\site-packages\httpx\_client.py:1038} - HTTP Request: POST http://testserver/users/ "HTTP/1.1 200 OK"
DEBUG: [2024-11-01 13:33:16,241] p24516 {C:\Program Files\WindowsApps\PythonSoftwareFoundation.Python.3.10_3.10.3056.0_x64__qbz5n2kfra8p0\lib\asyncio\proactor_events.py:630} - Using proactor: IocpProactor
INFO: [2024-11-01 13:33:16,241] p24516 {c:\Users\Maxim\OneDrive\Документы\Project IT python\FasAPI_project\capibara\.env\lib\site-packages\httpx\_client.py:1038} - HTTP Request: GET http://testserver/users "HTTP/1.1 307 Temporary Redirect"
DEBUG: [2024-11-01 13:33:16,248] p24516 {C:\Program Files\WindowsApps\PythonSoftwareFoundation.Python.3.10_3.10.3056.0_x64__qbz5n2kfra8p0\lib\asyncio\proactor_events.py:630} - Using proactor: IocpProactor
INFO: [2024-11-01 13:33:16,281] p24516 {c:\Users\Maxim\OneDrive\Документы\Project IT python\FasAPI_project\capibara\.env\lib\site-packages\httpx\_client.py:1038} - HTTP Request: GET http://testserver/users/ "HTTP/1.1 200 OK"
